Started GET "/" for ::1 at 2019-10-20 16:50:45 +0300
Processing by Rails::WelcomeController#index as HTML
  Rendering C:/RailsInstaller/Ruby2.3.3/lib/ruby/gems/2.3.0/gems/railties-5.1.7/lib/rails/templates/rails/welcome/index.html.erb
  Rendered C:/RailsInstaller/Ruby2.3.3/lib/ruby/gems/2.3.0/gems/railties-5.1.7/lib/rails/templates/rails/welcome/index.html.erb (15.2ms)
Completed 200 OK in 803ms (Views: 194.6ms)


Started GET "/" for ::1 at 2019-11-04 14:53:48 +0200
Processing by Rails::WelcomeController#index as HTML
  Rendering C:/RailsInstaller/Ruby2.3.3/lib/ruby/gems/2.3.0/gems/railties-5.1.7/lib/rails/templates/rails/welcome/index.html.erb
  Rendered C:/RailsInstaller/Ruby2.3.3/lib/ruby/gems/2.3.0/gems/railties-5.1.7/lib/rails/templates/rails/welcome/index.html.erb (20.6ms)
Completed 200 OK in 2897ms (Views: 267.6ms)


Started GET "/items" for ::1 at 2019-11-04 15:16:17 +0200
  
NameError (uninitialized constant Myrottenpotatoes):
  
config/routes.rb:1:in `<top (required)>'
Started GET "/items" for ::1 at 2019-11-04 15:30:41 +0200
  
NameError (undefined local variable or method `projectse' for main:Object):
  
config/routes.rb:1:in `<top (required)>'
Started GET "/items" for ::1 at 2019-11-04 15:31:40 +0200
  
NameError (undefined local variable or method `projectSE' for main:Object):
  
config/routes.rb:1:in `<top (required)>'
Started GET "/items" for ::1 at 2019-11-04 15:35:34 +0200
  
NameError (undefined local variable or method `projectse' for main:Object):
  
config/routes.rb:1:in `<top (required)>'
Started GET "/items" for ::1 at 2019-11-04 15:36:03 +0200
  
ActionController::RoutingError (uninitialized constant ItemsController):
  
activesupport (5.1.7) lib/active_support/inflector/methods.rb:269:in `const_get'
activesupport (5.1.7) lib/active_support/inflector/methods.rb:269:in `block in constantize'
activesupport (5.1.7) lib/active_support/inflector/methods.rb:267:in `each'
activesupport (5.1.7) lib/active_support/inflector/methods.rb:267:in `inject'
activesupport (5.1.7) lib/active_support/inflector/methods.rb:267:in `constantize'
actionpack (5.1.7) lib/action_dispatch/http/request.rb:85:in `controller_class_for'
actionpack (5.1.7) lib/action_dispatch/http/request.rb:78:in `controller_class'
actionpack (5.1.7) lib/action_dispatch/routing/route_set.rb:43:in `controller'
actionpack (5.1.7) lib/action_dispatch/routing/route_set.rb:29:in `serve'
actionpack (5.1.7) lib/action_dispatch/journey/router.rb:50:in `block in serve'
actionpack (5.1.7) lib/action_dispatch/journey/router.rb:33:in `each'
actionpack (5.1.7) lib/action_dispatch/journey/router.rb:33:in `serve'
actionpack (5.1.7) lib/action_dispatch/routing/route_set.rb:844:in `call'
rack (2.0.7) lib/rack/etag.rb:25:in `call'
rack (2.0.7) lib/rack/conditional_get.rb:25:in `call'
rack (2.0.7) lib/rack/head.rb:12:in `call'
rack (2.0.7) lib/rack/session/abstract/id.rb:232:in `context'
rack (2.0.7) lib/rack/session/abstract/id.rb:226:in `call'
actionpack (5.1.7) lib/action_dispatch/middleware/cookies.rb:613:in `call'
activerecord (5.1.7) lib/active_record/migration.rb:556:in `call'
actionpack (5.1.7) lib/action_dispatch/middleware/callbacks.rb:26:in `block in call'
activesupport (5.1.7) lib/active_support/callbacks.rb:97:in `run_callbacks'
actionpack (5.1.7) lib/action_dispatch/middleware/callbacks.rb:24:in `call'
actionpack (5.1.7) lib/action_dispatch/middleware/executor.rb:12:in `call'
actionpack (5.1.7) lib/action_dispatch/middleware/debug_exceptions.rb:59:in `call'
web-console (3.7.0) lib/web_console/middleware.rb:135:in `call_app'
web-console (3.7.0) lib/web_console/middleware.rb:30:in `block in call'
web-console (3.7.0) lib/web_console/middleware.rb:20:in `catch'
web-console (3.7.0) lib/web_console/middleware.rb:20:in `call'
actionpack (5.1.7) lib/action_dispatch/middleware/show_exceptions.rb:31:in `call'
railties (5.1.7) lib/rails/rack/logger.rb:36:in `call_app'
railties (5.1.7) lib/rails/rack/logger.rb:24:in `block in call'
activesupport (5.1.7) lib/active_support/tagged_logging.rb:69:in `block in tagged'
activesupport (5.1.7) lib/active_support/tagged_logging.rb:26:in `tagged'
activesupport (5.1.7) lib/active_support/tagged_logging.rb:69:in `tagged'
railties (5.1.7) lib/rails/rack/logger.rb:24:in `call'
sprockets-rails (3.2.1) lib/sprockets/rails/quiet_assets.rb:13:in `call'
actionpack (5.1.7) lib/action_dispatch/middleware/remote_ip.rb:79:in `call'
actionpack (5.1.7) lib/action_dispatch/middleware/request_id.rb:25:in `call'
rack (2.0.7) lib/rack/method_override.rb:22:in `call'
rack (2.0.7) lib/rack/runtime.rb:22:in `call'
activesupport (5.1.7) lib/active_support/cache/strategy/local_cache_middleware.rb:27:in `call'
actionpack (5.1.7) lib/action_dispatch/middleware/executor.rb:12:in `call'
actionpack (5.1.7) lib/action_dispatch/middleware/static.rb:125:in `call'
rack (2.0.7) lib/rack/sendfile.rb:111:in `call'
railties (5.1.7) lib/rails/engine.rb:522:in `call'
puma (3.12.1) lib/puma/configuration.rb:227:in `call'
puma (3.12.1) lib/puma/server.rb:660:in `handle_request'
puma (3.12.1) lib/puma/server.rb:474:in `process_client'
puma (3.12.1) lib/puma/server.rb:334:in `block in run'
puma (3.12.1) lib/puma/thread_pool.rb:135:in `block in spawn_thread'
Started GET "/items" for ::1 at 2019-11-04 17:49:06 +0200
  
ActionController::RoutingError (uninitialized constant ItemsController):
  
activesupport (5.1.7) lib/active_support/inflector/methods.rb:269:in `const_get'
activesupport (5.1.7) lib/active_support/inflector/methods.rb:269:in `block in constantize'
activesupport (5.1.7) lib/active_support/inflector/methods.rb:267:in `each'
activesupport (5.1.7) lib/active_support/inflector/methods.rb:267:in `inject'
activesupport (5.1.7) lib/active_support/inflector/methods.rb:267:in `constantize'
actionpack (5.1.7) lib/action_dispatch/http/request.rb:85:in `controller_class_for'
actionpack (5.1.7) lib/action_dispatch/http/request.rb:78:in `controller_class'
actionpack (5.1.7) lib/action_dispatch/routing/route_set.rb:43:in `controller'
actionpack (5.1.7) lib/action_dispatch/routing/route_set.rb:29:in `serve'
actionpack (5.1.7) lib/action_dispatch/journey/router.rb:50:in `block in serve'
actionpack (5.1.7) lib/action_dispatch/journey/router.rb:33:in `each'
actionpack (5.1.7) lib/action_dispatch/journey/router.rb:33:in `serve'
actionpack (5.1.7) lib/action_dispatch/routing/route_set.rb:844:in `call'
rack (2.0.7) lib/rack/etag.rb:25:in `call'
rack (2.0.7) lib/rack/conditional_get.rb:25:in `call'
rack (2.0.7) lib/rack/head.rb:12:in `call'
rack (2.0.7) lib/rack/session/abstract/id.rb:232:in `context'
rack (2.0.7) lib/rack/session/abstract/id.rb:226:in `call'
actionpack (5.1.7) lib/action_dispatch/middleware/cookies.rb:613:in `call'
activerecord (5.1.7) lib/active_record/migration.rb:556:in `call'
actionpack (5.1.7) lib/action_dispatch/middleware/callbacks.rb:26:in `block in call'
activesupport (5.1.7) lib/active_support/callbacks.rb:97:in `run_callbacks'
actionpack (5.1.7) lib/action_dispatch/middleware/callbacks.rb:24:in `call'
actionpack (5.1.7) lib/action_dispatch/middleware/executor.rb:12:in `call'
actionpack (5.1.7) lib/action_dispatch/middleware/debug_exceptions.rb:59:in `call'
web-console (3.7.0) lib/web_console/middleware.rb:135:in `call_app'
web-console (3.7.0) lib/web_console/middleware.rb:30:in `block in call'
web-console (3.7.0) lib/web_console/middleware.rb:20:in `catch'
web-console (3.7.0) lib/web_console/middleware.rb:20:in `call'
actionpack (5.1.7) lib/action_dispatch/middleware/show_exceptions.rb:31:in `call'
railties (5.1.7) lib/rails/rack/logger.rb:36:in `call_app'
railties (5.1.7) lib/rails/rack/logger.rb:24:in `block in call'
activesupport (5.1.7) lib/active_support/tagged_logging.rb:69:in `block in tagged'
activesupport (5.1.7) lib/active_support/tagged_logging.rb:26:in `tagged'
activesupport (5.1.7) lib/active_support/tagged_logging.rb:69:in `tagged'
railties (5.1.7) lib/rails/rack/logger.rb:24:in `call'
sprockets-rails (3.2.1) lib/sprockets/rails/quiet_assets.rb:13:in `call'
actionpack (5.1.7) lib/action_dispatch/middleware/remote_ip.rb:79:in `call'
actionpack (5.1.7) lib/action_dispatch/middleware/request_id.rb:25:in `call'
rack (2.0.7) lib/rack/method_override.rb:22:in `call'
rack (2.0.7) lib/rack/runtime.rb:22:in `call'
activesupport (5.1.7) lib/active_support/cache/strategy/local_cache_middleware.rb:27:in `call'
actionpack (5.1.7) lib/action_dispatch/middleware/executor.rb:12:in `call'
actionpack (5.1.7) lib/action_dispatch/middleware/static.rb:125:in `call'
rack (2.0.7) lib/rack/sendfile.rb:111:in `call'
railties (5.1.7) lib/rails/engine.rb:522:in `call'
puma (3.12.1) lib/puma/configuration.rb:227:in `call'
puma (3.12.1) lib/puma/server.rb:660:in `handle_request'
puma (3.12.1) lib/puma/server.rb:474:in `process_client'
puma (3.12.1) lib/puma/server.rb:334:in `block in run'
puma (3.12.1) lib/puma/thread_pool.rb:135:in `block in spawn_thread'
  [1m[35m (0.0ms)[0m  [1m[34mSELECT sqlite_version(*)[0m
  [1m[35m (10.6ms)[0m  [1m[35mCREATE TABLE "schema_migrations" ("version" varchar NOT NULL PRIMARY KEY)[0m
  [1m[35m (15.7ms)[0m  [1m[35mCREATE TABLE "ar_internal_metadata" ("key" varchar NOT NULL PRIMARY KEY, "value" varchar, "created_at" datetime NOT NULL, "updated_at" datetime NOT NULL)[0m
  [1m[35m (0.0ms)[0m  [1m[34mSELECT "schema_migrations"."version" FROM "schema_migrations" ORDER BY "schema_migrations"."version" ASC[0m
Migrating to CreateGames (20191104165714)
  [1m[35m (0.0ms)[0m  [1m[36mbegin transaction[0m
  [1m[35m (0.0ms)[0m  [1m[31mrollback transaction[0m
  [1m[35m (0.0ms)[0m  [1m[34mSELECT "schema_migrations"."version" FROM "schema_migrations" ORDER BY "schema_migrations"."version" ASC[0m
Migrating to CreateGames (20191104165714)
  [1m[35m (0.0ms)[0m  [1m[36mbegin transaction[0m
  [1m[35m (0.0ms)[0m  [1m[31mrollback transaction[0m
  [1m[35m (0.0ms)[0m  [1m[34mSELECT "schema_migrations"."version" FROM "schema_migrations" ORDER BY "schema_migrations"."version" ASC[0m
Migrating to CreateGames (20191104165714)
  [1m[35m (0.0ms)[0m  [1m[36mbegin transaction[0m
  [1m[35m (0.0ms)[0m  [1m[34mSELECT sqlite_version(*)[0m
  [1m[35m (45.8ms)[0m  [1m[35mCREATE TABLE "games" ("id" INTEGER PRIMARY KEY AUTOINCREMENT NOT NULL, "name" varchar, "genre" varchar, "year" integer, "created_at" datetime NOT NULL, "updated_at" datetime NOT NULL)[0m
  [1m[35mSQL (0.0ms)[0m  [1m[32mINSERT INTO "schema_migrations" ("version") VALUES (?)[0m  [["version", "20191104165714"]]
  [1m[35m (18.8ms)[0m  [1m[36mcommit transaction[0m
  [1m[36mActiveRecord::InternalMetadata Load (1.0ms)[0m  [1m[34mSELECT  "ar_internal_metadata".* FROM "ar_internal_metadata" WHERE "ar_internal_metadata"."key" = ? LIMIT ?[0m  [["key", "environment"], ["LIMIT", 1]]
  [1m[35m (0.0ms)[0m  [1m[36mbegin transaction[0m
  [1m[35mSQL (2.1ms)[0m  [1m[32mINSERT INTO "ar_internal_metadata" ("key", "value", "created_at", "updated_at") VALUES (?, ?, ?, ?)[0m  [["key", "environment"], ["value", "development"], ["created_at", "2019-11-04 17:00:17.549586"], ["updated_at", "2019-11-04 17:00:17.549586"]]
  [1m[35m (15.7ms)[0m  [1m[36mcommit transaction[0m
  [1m[35m (0.0ms)[0m  [1m[34mSELECT "schema_migrations"."version" FROM "schema_migrations" ORDER BY "schema_migrations"."version" ASC[0m
Started GET "/" for 127.0.0.1 at 2019-11-04 19:01:22 +0200
  [1m[35m (1.0ms)[0m  [1m[34mSELECT "schema_migrations"."version" FROM "schema_migrations" ORDER BY "schema_migrations"."version" ASC[0m
Started GET "/items" for 127.0.0.1 at 2019-11-04 19:01:23 +0200
  
ActionController::RoutingError (uninitialized constant ItemsController):
  
activesupport (5.1.7) lib/active_support/inflector/methods.rb:269:in `const_get'
activesupport (5.1.7) lib/active_support/inflector/methods.rb:269:in `block in constantize'
activesupport (5.1.7) lib/active_support/inflector/methods.rb:267:in `each'
activesupport (5.1.7) lib/active_support/inflector/methods.rb:267:in `inject'
activesupport (5.1.7) lib/active_support/inflector/methods.rb:267:in `constantize'
actionpack (5.1.7) lib/action_dispatch/http/request.rb:85:in `controller_class_for'
actionpack (5.1.7) lib/action_dispatch/http/request.rb:78:in `controller_class'
actionpack (5.1.7) lib/action_dispatch/routing/route_set.rb:43:in `controller'
actionpack (5.1.7) lib/action_dispatch/routing/route_set.rb:29:in `serve'
actionpack (5.1.7) lib/action_dispatch/journey/router.rb:50:in `block in serve'
actionpack (5.1.7) lib/action_dispatch/journey/router.rb:33:in `each'
actionpack (5.1.7) lib/action_dispatch/journey/router.rb:33:in `serve'
actionpack (5.1.7) lib/action_dispatch/routing/route_set.rb:844:in `call'
rack (2.0.7) lib/rack/etag.rb:25:in `call'
rack (2.0.7) lib/rack/conditional_get.rb:25:in `call'
rack (2.0.7) lib/rack/head.rb:12:in `call'
rack (2.0.7) lib/rack/session/abstract/id.rb:232:in `context'
rack (2.0.7) lib/rack/session/abstract/id.rb:226:in `call'
actionpack (5.1.7) lib/action_dispatch/middleware/cookies.rb:613:in `call'
activerecord (5.1.7) lib/active_record/migration.rb:556:in `call'
actionpack (5.1.7) lib/action_dispatch/middleware/callbacks.rb:26:in `block in call'
activesupport (5.1.7) lib/active_support/callbacks.rb:97:in `run_callbacks'
actionpack (5.1.7) lib/action_dispatch/middleware/callbacks.rb:24:in `call'
actionpack (5.1.7) lib/action_dispatch/middleware/executor.rb:12:in `call'
actionpack (5.1.7) lib/action_dispatch/middleware/debug_exceptions.rb:59:in `call'
web-console (3.7.0) lib/web_console/middleware.rb:135:in `call_app'
web-console (3.7.0) lib/web_console/middleware.rb:30:in `block in call'
web-console (3.7.0) lib/web_console/middleware.rb:20:in `catch'
web-console (3.7.0) lib/web_console/middleware.rb:20:in `call'
actionpack (5.1.7) lib/action_dispatch/middleware/show_exceptions.rb:31:in `call'
railties (5.1.7) lib/rails/rack/logger.rb:36:in `call_app'
railties (5.1.7) lib/rails/rack/logger.rb:24:in `block in call'
activesupport (5.1.7) lib/active_support/tagged_logging.rb:69:in `block in tagged'
activesupport (5.1.7) lib/active_support/tagged_logging.rb:26:in `tagged'
activesupport (5.1.7) lib/active_support/tagged_logging.rb:69:in `tagged'
railties (5.1.7) lib/rails/rack/logger.rb:24:in `call'
sprockets-rails (3.2.1) lib/sprockets/rails/quiet_assets.rb:13:in `call'
actionpack (5.1.7) lib/action_dispatch/middleware/remote_ip.rb:79:in `call'
actionpack (5.1.7) lib/action_dispatch/middleware/request_id.rb:25:in `call'
rack (2.0.7) lib/rack/method_override.rb:22:in `call'
rack (2.0.7) lib/rack/runtime.rb:22:in `call'
activesupport (5.1.7) lib/active_support/cache/strategy/local_cache_middleware.rb:27:in `call'
actionpack (5.1.7) lib/action_dispatch/middleware/executor.rb:12:in `call'
actionpack (5.1.7) lib/action_dispatch/middleware/static.rb:125:in `call'
rack (2.0.7) lib/rack/sendfile.rb:111:in `call'
railties (5.1.7) lib/rails/engine.rb:522:in `call'
puma (3.12.1) lib/puma/configuration.rb:227:in `call'
puma (3.12.1) lib/puma/server.rb:660:in `handle_request'
puma (3.12.1) lib/puma/server.rb:474:in `process_client'
puma (3.12.1) lib/puma/server.rb:334:in `block in run'
puma (3.12.1) lib/puma/thread_pool.rb:135:in `block in spawn_thread'
Started GET "/games" for 127.0.0.1 at 2019-11-04 19:07:07 +0200
  [1m[35m (0.0ms)[0m  [1m[34mSELECT "schema_migrations"."version" FROM "schema_migrations" ORDER BY "schema_migrations"."version" ASC[0m
  
SyntaxError (C:/Sites/projectse/app/controllers/games_controller.rb:72: syntax error, unexpected $undefined, expecting tSTRING_CONTENT or tSTRING_DBEG or tSTRING_DVAR or tSTRING_END
      params.require(:game).permit(:name, :\, :genre, :\, :year)
                                            ^):
  
app/controllers/games_controller.rb:72: syntax error, unexpected $undefined, expecting tSTRING_CONTENT or tSTRING_DBEG or tSTRING_DVAR or tSTRING_END
  [1m[35m (0.0ms)[0m  [1m[34mSELECT "schema_migrations"."version" FROM "schema_migrations" ORDER BY "schema_migrations"."version" ASC[0m
Migrating to CreateTests (20191104171337)
  [1m[35m (0.0ms)[0m  [1m[36mbegin transaction[0m
  [1m[35m (0.0ms)[0m  [1m[34mSELECT sqlite_version(*)[0m
  [1m[35m (45.8ms)[0m  [1m[35mCREATE TABLE "tests" ("id" INTEGER PRIMARY KEY AUTOINCREMENT NOT NULL, "name" varchar, "altceva" varchar, "alo" varchar, "created_at" datetime NOT NULL, "updated_at" datetime NOT NULL)[0m
  [1m[35mSQL (0.0ms)[0m  [1m[32mINSERT INTO "schema_migrations" ("version") VALUES (?)[0m  [["version", "20191104171337"]]
  [1m[35m (18.5ms)[0m  [1m[36mcommit transaction[0m
  [1m[36mActiveRecord::InternalMetadata Load (0.0ms)[0m  [1m[34mSELECT  "ar_internal_metadata".* FROM "ar_internal_metadata" WHERE "ar_internal_metadata"."key" = ? LIMIT ?[0m  [["key", "environment"], ["LIMIT", 1]]
  [1m[35m (0.0ms)[0m  [1m[36mbegin transaction[0m
  [1m[35m (0.0ms)[0m  [1m[36mcommit transaction[0m
  [1m[35m (4.0ms)[0m  [1m[34mSELECT "schema_migrations"."version" FROM "schema_migrations" ORDER BY "schema_migrations"."version" ASC[0m
Started GET "/test" for 127.0.0.1 at 2019-11-04 19:15:41 +0200
  [1m[35m (0.0ms)[0m  [1m[34mSELECT "schema_migrations"."version" FROM "schema_migrations" ORDER BY "schema_migrations"."version" ASC[0m
  
ActionController::RoutingError (No route matches [GET] "/test"):
  
actionpack (5.1.7) lib/action_dispatch/middleware/debug_exceptions.rb:63:in `call'
web-console (3.7.0) lib/web_console/middleware.rb:135:in `call_app'
web-console (3.7.0) lib/web_console/middleware.rb:30:in `block in call'
web-console (3.7.0) lib/web_console/middleware.rb:20:in `catch'
web-console (3.7.0) lib/web_console/middleware.rb:20:in `call'
actionpack (5.1.7) lib/action_dispatch/middleware/show_exceptions.rb:31:in `call'
railties (5.1.7) lib/rails/rack/logger.rb:36:in `call_app'
railties (5.1.7) lib/rails/rack/logger.rb:24:in `block in call'
activesupport (5.1.7) lib/active_support/tagged_logging.rb:69:in `block in tagged'
activesupport (5.1.7) lib/active_support/tagged_logging.rb:26:in `tagged'
activesupport (5.1.7) lib/active_support/tagged_logging.rb:69:in `tagged'
railties (5.1.7) lib/rails/rack/logger.rb:24:in `call'
sprockets-rails (3.2.1) lib/sprockets/rails/quiet_assets.rb:13:in `call'
actionpack (5.1.7) lib/action_dispatch/middleware/remote_ip.rb:79:in `call'
actionpack (5.1.7) lib/action_dispatch/middleware/request_id.rb:25:in `call'
rack (2.0.7) lib/rack/method_override.rb:22:in `call'
rack (2.0.7) lib/rack/runtime.rb:22:in `call'
activesupport (5.1.7) lib/active_support/cache/strategy/local_cache_middleware.rb:27:in `call'
actionpack (5.1.7) lib/action_dispatch/middleware/executor.rb:12:in `call'
actionpack (5.1.7) lib/action_dispatch/middleware/static.rb:125:in `call'
rack (2.0.7) lib/rack/sendfile.rb:111:in `call'
railties (5.1.7) lib/rails/engine.rb:522:in `call'
puma (3.12.1) lib/puma/configuration.rb:227:in `call'
puma (3.12.1) lib/puma/server.rb:660:in `handle_request'
puma (3.12.1) lib/puma/server.rb:474:in `process_client'
puma (3.12.1) lib/puma/server.rb:334:in `block in run'
puma (3.12.1) lib/puma/thread_pool.rb:135:in `block in spawn_thread'
Started GET "/games" for 127.0.0.1 at 2019-11-04 19:16:03 +0200
  
SyntaxError (C:/Sites/projectse/app/controllers/games_controller.rb:72: syntax error, unexpected $undefined, expecting tSTRING_CONTENT or tSTRING_DBEG or tSTRING_DVAR or tSTRING_END
      params.require(:game).permit(:name, :\, :genre, :\, :year)
                                            ^):
  
app/controllers/games_controller.rb:72: syntax error, unexpected $undefined, expecting tSTRING_CONTENT or tSTRING_DBEG or tSTRING_DVAR or tSTRING_END
Started GET "/items" for 127.0.0.1 at 2019-11-04 19:18:04 +0200
  
ActionController::RoutingError (uninitialized constant ItemsController):
  
activesupport (5.1.7) lib/active_support/inflector/methods.rb:269:in `const_get'
activesupport (5.1.7) lib/active_support/inflector/methods.rb:269:in `block in constantize'
activesupport (5.1.7) lib/active_support/inflector/methods.rb:267:in `each'
activesupport (5.1.7) lib/active_support/inflector/methods.rb:267:in `inject'
activesupport (5.1.7) lib/active_support/inflector/methods.rb:267:in `constantize'
actionpack (5.1.7) lib/action_dispatch/http/request.rb:85:in `controller_class_for'
actionpack (5.1.7) lib/action_dispatch/http/request.rb:78:in `controller_class'
actionpack (5.1.7) lib/action_dispatch/routing/route_set.rb:43:in `controller'
actionpack (5.1.7) lib/action_dispatch/routing/route_set.rb:29:in `serve'
actionpack (5.1.7) lib/action_dispatch/journey/router.rb:50:in `block in serve'
actionpack (5.1.7) lib/action_dispatch/journey/router.rb:33:in `each'
actionpack (5.1.7) lib/action_dispatch/journey/router.rb:33:in `serve'
actionpack (5.1.7) lib/action_dispatch/routing/route_set.rb:844:in `call'
rack (2.0.7) lib/rack/etag.rb:25:in `call'
rack (2.0.7) lib/rack/conditional_get.rb:25:in `call'
rack (2.0.7) lib/rack/head.rb:12:in `call'
rack (2.0.7) lib/rack/session/abstract/id.rb:232:in `context'
rack (2.0.7) lib/rack/session/abstract/id.rb:226:in `call'
actionpack (5.1.7) lib/action_dispatch/middleware/cookies.rb:613:in `call'
activerecord (5.1.7) lib/active_record/migration.rb:556:in `call'
actionpack (5.1.7) lib/action_dispatch/middleware/callbacks.rb:26:in `block in call'
activesupport (5.1.7) lib/active_support/callbacks.rb:97:in `run_callbacks'
actionpack (5.1.7) lib/action_dispatch/middleware/callbacks.rb:24:in `call'
actionpack (5.1.7) lib/action_dispatch/middleware/executor.rb:12:in `call'
actionpack (5.1.7) lib/action_dispatch/middleware/debug_exceptions.rb:59:in `call'
web-console (3.7.0) lib/web_console/middleware.rb:135:in `call_app'
web-console (3.7.0) lib/web_console/middleware.rb:30:in `block in call'
web-console (3.7.0) lib/web_console/middleware.rb:20:in `catch'
web-console (3.7.0) lib/web_console/middleware.rb:20:in `call'
actionpack (5.1.7) lib/action_dispatch/middleware/show_exceptions.rb:31:in `call'
railties (5.1.7) lib/rails/rack/logger.rb:36:in `call_app'
railties (5.1.7) lib/rails/rack/logger.rb:24:in `block in call'
activesupport (5.1.7) lib/active_support/tagged_logging.rb:69:in `block in tagged'
activesupport (5.1.7) lib/active_support/tagged_logging.rb:26:in `tagged'
activesupport (5.1.7) lib/active_support/tagged_logging.rb:69:in `tagged'
railties (5.1.7) lib/rails/rack/logger.rb:24:in `call'
sprockets-rails (3.2.1) lib/sprockets/rails/quiet_assets.rb:13:in `call'
actionpack (5.1.7) lib/action_dispatch/middleware/remote_ip.rb:79:in `call'
actionpack (5.1.7) lib/action_dispatch/middleware/request_id.rb:25:in `call'
rack (2.0.7) lib/rack/method_override.rb:22:in `call'
rack (2.0.7) lib/rack/runtime.rb:22:in `call'
activesupport (5.1.7) lib/active_support/cache/strategy/local_cache_middleware.rb:27:in `call'
actionpack (5.1.7) lib/action_dispatch/middleware/executor.rb:12:in `call'
actionpack (5.1.7) lib/action_dispatch/middleware/static.rb:125:in `call'
rack (2.0.7) lib/rack/sendfile.rb:111:in `call'
railties (5.1.7) lib/rails/engine.rb:522:in `call'
puma (3.12.1) lib/puma/configuration.rb:227:in `call'
puma (3.12.1) lib/puma/server.rb:660:in `handle_request'
puma (3.12.1) lib/puma/server.rb:474:in `process_client'
puma (3.12.1) lib/puma/server.rb:334:in `block in run'
puma (3.12.1) lib/puma/thread_pool.rb:135:in `block in spawn_thread'
Started GET "/testss" for 127.0.0.1 at 2019-11-04 19:20:33 +0200
  
ActionController::RoutingError (No route matches [GET] "/testss"):
  
actionpack (5.1.7) lib/action_dispatch/middleware/debug_exceptions.rb:63:in `call'
web-console (3.7.0) lib/web_console/middleware.rb:135:in `call_app'
web-console (3.7.0) lib/web_console/middleware.rb:30:in `block in call'
web-console (3.7.0) lib/web_console/middleware.rb:20:in `catch'
web-console (3.7.0) lib/web_console/middleware.rb:20:in `call'
actionpack (5.1.7) lib/action_dispatch/middleware/show_exceptions.rb:31:in `call'
railties (5.1.7) lib/rails/rack/logger.rb:36:in `call_app'
railties (5.1.7) lib/rails/rack/logger.rb:24:in `block in call'
activesupport (5.1.7) lib/active_support/tagged_logging.rb:69:in `block in tagged'
activesupport (5.1.7) lib/active_support/tagged_logging.rb:26:in `tagged'
activesupport (5.1.7) lib/active_support/tagged_logging.rb:69:in `tagged'
railties (5.1.7) lib/rails/rack/logger.rb:24:in `call'
sprockets-rails (3.2.1) lib/sprockets/rails/quiet_assets.rb:13:in `call'
actionpack (5.1.7) lib/action_dispatch/middleware/remote_ip.rb:79:in `call'
actionpack (5.1.7) lib/action_dispatch/middleware/request_id.rb:25:in `call'
rack (2.0.7) lib/rack/method_override.rb:22:in `call'
rack (2.0.7) lib/rack/runtime.rb:22:in `call'
activesupport (5.1.7) lib/active_support/cache/strategy/local_cache_middleware.rb:27:in `call'
actionpack (5.1.7) lib/action_dispatch/middleware/executor.rb:12:in `call'
actionpack (5.1.7) lib/action_dispatch/middleware/static.rb:125:in `call'
rack (2.0.7) lib/rack/sendfile.rb:111:in `call'
railties (5.1.7) lib/rails/engine.rb:522:in `call'
puma (3.12.1) lib/puma/configuration.rb:227:in `call'
puma (3.12.1) lib/puma/server.rb:660:in `handle_request'
puma (3.12.1) lib/puma/server.rb:474:in `process_client'
puma (3.12.1) lib/puma/server.rb:334:in `block in run'
puma (3.12.1) lib/puma/thread_pool.rb:135:in `block in spawn_thread'
Started GET "/test" for 127.0.0.1 at 2019-11-04 19:20:51 +0200
  
ActionController::RoutingError (No route matches [GET] "/test"):
  
actionpack (5.1.7) lib/action_dispatch/middleware/debug_exceptions.rb:63:in `call'
web-console (3.7.0) lib/web_console/middleware.rb:135:in `call_app'
web-console (3.7.0) lib/web_console/middleware.rb:30:in `block in call'
web-console (3.7.0) lib/web_console/middleware.rb:20:in `catch'
web-console (3.7.0) lib/web_console/middleware.rb:20:in `call'
actionpack (5.1.7) lib/action_dispatch/middleware/show_exceptions.rb:31:in `call'
railties (5.1.7) lib/rails/rack/logger.rb:36:in `call_app'
railties (5.1.7) lib/rails/rack/logger.rb:24:in `block in call'
activesupport (5.1.7) lib/active_support/tagged_logging.rb:69:in `block in tagged'
activesupport (5.1.7) lib/active_support/tagged_logging.rb:26:in `tagged'
activesupport (5.1.7) lib/active_support/tagged_logging.rb:69:in `tagged'
railties (5.1.7) lib/rails/rack/logger.rb:24:in `call'
sprockets-rails (3.2.1) lib/sprockets/rails/quiet_assets.rb:13:in `call'
actionpack (5.1.7) lib/action_dispatch/middleware/remote_ip.rb:79:in `call'
actionpack (5.1.7) lib/action_dispatch/middleware/request_id.rb:25:in `call'
rack (2.0.7) lib/rack/method_override.rb:22:in `call'
rack (2.0.7) lib/rack/runtime.rb:22:in `call'
activesupport (5.1.7) lib/active_support/cache/strategy/local_cache_middleware.rb:27:in `call'
actionpack (5.1.7) lib/action_dispatch/middleware/executor.rb:12:in `call'
actionpack (5.1.7) lib/action_dispatch/middleware/static.rb:125:in `call'
rack (2.0.7) lib/rack/sendfile.rb:111:in `call'
railties (5.1.7) lib/rails/engine.rb:522:in `call'
puma (3.12.1) lib/puma/configuration.rb:227:in `call'
puma (3.12.1) lib/puma/server.rb:660:in `handle_request'
puma (3.12.1) lib/puma/server.rb:474:in `process_client'
puma (3.12.1) lib/puma/server.rb:334:in `block in run'
puma (3.12.1) lib/puma/thread_pool.rb:135:in `block in spawn_thread'
Started GET "/tests" for 127.0.0.1 at 2019-11-04 19:21:12 +0200
Processing by TestsController#index as HTML
  Rendering tests/index.html.erb within layouts/application
  [1m[36mTest Load (0.0ms)[0m  [1m[34mSELECT "tests".* FROM "tests"[0m
  Rendered tests/index.html.erb within layouts/application (6.9ms)
Completed 200 OK in 229ms (Views: 137.6ms | ActiveRecord: 1.0ms)


Started GET "/tests/new" for 127.0.0.1 at 2019-11-04 19:21:55 +0200
Processing by TestsController#new as HTML
  Rendering tests/new.html.erb within layouts/application
  Rendered tests/_form.html.erb (207.4ms)
  Rendered tests/new.html.erb within layouts/application (245.8ms)
Completed 200 OK in 442ms (Views: 372.9ms | ActiveRecord: 2.8ms)


Started POST "/tests" for 127.0.0.1 at 2019-11-04 19:22:11 +0200
Processing by TestsController#create as HTML
  Parameters: {"utf8"=>"✓", "authenticity_token"=>"/0OeTv7Q8p1aoPASL+fSsCU9GhcF1adk9KoeRkiKCbVM/Tp4Jf/z3ZIKmP3Pz+L4jms9zwrXbN0uzxiAUDYI2Q==", "test"=>{"name"=>"gavu", "altceva"=>"lolo", "alo"=>"alo?"}, "commit"=>"Create Test"}
  [1m[35m (1.0ms)[0m  [1m[36mbegin transaction[0m
  [1m[35mSQL (6.0ms)[0m  [1m[32mINSERT INTO "tests" ("name", "altceva", "alo", "created_at", "updated_at") VALUES (?, ?, ?, ?, ?)[0m  [["name", "gavu"], ["altceva", "lolo"], ["alo", "alo?"], ["created_at", "2019-11-04 17:22:11.739733"], ["updated_at", "2019-11-04 17:22:11.739733"]]
  [1m[35m (21.7ms)[0m  [1m[36mcommit transaction[0m
Redirected to http://127.0.0.1:3000/tests/1
Completed 302 Found in 56ms (ActiveRecord: 28.7ms)


Started GET "/tests/1" for 127.0.0.1 at 2019-11-04 19:22:11 +0200
Processing by TestsController#show as HTML
  Parameters: {"id"=>"1"}
  [1m[36mTest Load (1.0ms)[0m  [1m[34mSELECT  "tests".* FROM "tests" WHERE "tests"."id" = ? LIMIT ?[0m  [["id", 1], ["LIMIT", 1]]
  Rendering tests/show.html.erb within layouts/application
  Rendered tests/show.html.erb within layouts/application (4.3ms)
Completed 200 OK in 302ms (Views: 137.5ms | ActiveRecord: 1.0ms)


Started GET "/tests" for 127.0.0.1 at 2019-11-04 19:22:16 +0200
Processing by TestsController#index as HTML
  Rendering tests/index.html.erb within layouts/application
  [1m[36mTest Load (0.6ms)[0m  [1m[34mSELECT "tests".* FROM "tests"[0m
  Rendered tests/index.html.erb within layouts/application (6.4ms)
Completed 200 OK in 168ms (Views: 123.8ms | ActiveRecord: 0.6ms)


Started GET "/tests/1" for 127.0.0.1 at 2019-11-04 19:22:23 +0200
Processing by TestsController#show as HTML
  Parameters: {"id"=>"1"}
  [1m[36mTest Load (0.0ms)[0m  [1m[34mSELECT  "tests".* FROM "tests" WHERE "tests"."id" = ? LIMIT ?[0m  [["id", 1], ["LIMIT", 1]]
  Rendering tests/show.html.erb within layouts/application
  Rendered tests/show.html.erb within layouts/application (2.0ms)
Completed 200 OK in 191ms (Views: 120.0ms | ActiveRecord: 0.0ms)


Started GET "/tests/1/edit" for 127.0.0.1 at 2019-11-04 19:22:26 +0200
Processing by TestsController#edit as HTML
  Parameters: {"id"=>"1"}
  [1m[36mTest Load (1.0ms)[0m  [1m[34mSELECT  "tests".* FROM "tests" WHERE "tests"."id" = ? LIMIT ?[0m  [["id", 1], ["LIMIT", 1]]
  Rendering tests/edit.html.erb within layouts/application
  Rendered tests/_form.html.erb (4.0ms)
  Rendered tests/edit.html.erb within layouts/application (41.5ms)
Completed 200 OK in 211ms (Views: 164.3ms | ActiveRecord: 1.0ms)


Started GET "/tests" for 127.0.0.1 at 2019-11-04 19:22:29 +0200
Processing by TestsController#index as HTML
  Rendering tests/index.html.erb within layouts/application
  [1m[36mTest Load (0.0ms)[0m  [1m[34mSELECT "tests".* FROM "tests"[0m
  Rendered tests/index.html.erb within layouts/application (3.2ms)
Completed 200 OK in 185ms (Views: 123.1ms | ActiveRecord: 0.0ms)


Started GET "/tests/1" for 127.0.0.1 at 2019-11-04 19:22:31 +0200
Processing by TestsController#show as HTML
  Parameters: {"id"=>"1"}
  [1m[36mTest Load (0.5ms)[0m  [1m[34mSELECT  "tests".* FROM "tests" WHERE "tests"."id" = ? LIMIT ?[0m  [["id", 1], ["LIMIT", 1]]
  Rendering tests/show.html.erb within layouts/application
  Rendered tests/show.html.erb within layouts/application (0.0ms)
Completed 200 OK in 183ms (Views: 118.3ms | ActiveRecord: 0.5ms)


Started GET "/tests" for 127.0.0.1 at 2019-11-04 19:22:33 +0200
Processing by TestsController#index as HTML
  Rendering tests/index.html.erb within layouts/application
  [1m[36mTest Load (0.0ms)[0m  [1m[34mSELECT "tests".* FROM "tests"[0m
  Rendered tests/index.html.erb within layouts/application (6.5ms)
Completed 200 OK in 206ms (Views: 134.7ms | ActiveRecord: 0.0ms)


  [1m[35m (0.0ms)[0m  [1m[34mSELECT "schema_migrations"."version" FROM "schema_migrations" ORDER BY "schema_migrations"."version" ASC[0m
Migrating to CreateTabel5s (20191104172732)
  [1m[35m (0.0ms)[0m  [1m[36mbegin transaction[0m
  [1m[35m (0.0ms)[0m  [1m[34mSELECT sqlite_version(*)[0m
  [1m[35m (47.5ms)[0m  [1m[35mCREATE TABLE "tabel5s" ("id" INTEGER PRIMARY KEY AUTOINCREMENT NOT NULL, "nume" varchar, "numar" integer, "created_at" datetime NOT NULL, "updated_at" datetime NOT NULL)[0m
  [1m[35mSQL (0.0ms)[0m  [1m[32mINSERT INTO "schema_migrations" ("version") VALUES (?)[0m  [["version", "20191104172732"]]
  [1m[35m (20.9ms)[0m  [1m[36mcommit transaction[0m
  [1m[36mActiveRecord::InternalMetadata Load (0.0ms)[0m  [1m[34mSELECT  "ar_internal_metadata".* FROM "ar_internal_metadata" WHERE "ar_internal_metadata"."key" = ? LIMIT ?[0m  [["key", "environment"], ["LIMIT", 1]]
  [1m[35m (0.0ms)[0m  [1m[36mbegin transaction[0m
  [1m[35m (0.0ms)[0m  [1m[36mcommit transaction[0m
  [1m[35m (0.0ms)[0m  [1m[34mSELECT "schema_migrations"."version" FROM "schema_migrations" ORDER BY "schema_migrations"."version" ASC[0m
Started GET "/tabel5s" for 127.0.0.1 at 2019-11-04 19:30:56 +0200
  [1m[35m (1.0ms)[0m  [1m[34mSELECT "schema_migrations"."version" FROM "schema_migrations" ORDER BY "schema_migrations"."version" ASC[0m
Processing by Tabel5sController#index as HTML
  Rendering tabel5s/index.html.erb within layouts/application
  [1m[36mTabel5 Load (4.0ms)[0m  [1m[34mSELECT "tabel5s".* FROM "tabel5s"[0m
  Rendered tabel5s/index.html.erb within layouts/application (8.1ms)
Completed 200 OK in 180ms (Views: 123.5ms | ActiveRecord: 4.0ms)


